<?xml version="1.0" encoding="UTF-8"?>
<robot generator="Robot 5.0.1 (Python 3.10.4 on win32)" generated="20220711 08:23:51.008" rpa="false" schemaversion="3">
<suite id="s1" name="Login" source="C:\qaninja\twp\tests\login.robot">
<test id="s1-t1" name="Deve logar com sucesso" line="8">
<kw name="Open Session" library="base" type="SETUP">
<kw name="Set Appium Timeout" library="AppiumLibrary">
<arg>8</arg>
<doc>Sets the timeout in seconds used by various keywords.</doc>
<status status="PASS" starttime="20220711 08:23:51.154" endtime="20220711 08:23:51.154"/>
</kw>
<kw name="Open Application" library="AppiumLibrary">
<arg>http://localhost:4723/wd/hub</arg>
<arg>automationName=uiautomator2</arg>
<arg>platformName=Android</arg>
<arg>deviceName=Emulator</arg>
<arg>app=${EXECDIR}\\app\\twp.apk</arg>
<doc>Opens a new application to given Appium server.
Capabilities of appium server, Android and iOS,
Please check https://github.com/appium/appium/blob/master/docs/en/writing-running-appium/server-args.md
| *Option*            | *Man.* | *Description*     |
| remote_url          | Yes    | Appium server url |
| alias               | no     | alias             |</doc>
<status status="PASS" starttime="20220711 08:23:51.155" endtime="20220711 08:24:12.466"/>
</kw>
<kw name="Get Started" library="base">
<kw name="Wait Until Page Contains" library="AppiumLibrary">
<arg>${START}</arg>
<doc>Waits until `text` appears on current page.</doc>
<status status="PASS" starttime="20220711 08:24:12.466" endtime="20220711 08:24:16.483"/>
</kw>
<kw name="Click Text" library="AppiumLibrary">
<arg>${START}</arg>
<doc>Click text identified by ``text``.</doc>
<status status="PASS" starttime="20220711 08:24:16.483" endtime="20220711 08:24:16.587"/>
</kw>
<status status="PASS" starttime="20220711 08:24:12.466" endtime="20220711 08:24:16.587"/>
</kw>
<status status="PASS" starttime="20220711 08:23:51.154" endtime="20220711 08:24:16.587"/>
</kw>
<kw name="Open Nav" library="base">
<kw name="Wait Until Element Is Visible" library="AppiumLibrary">
<arg>${HAMBURGER}</arg>
<doc>Waits until element specified with `locator` is visible.</doc>
<status status="PASS" starttime="20220711 08:24:16.588" endtime="20220711 08:24:17.807"/>
</kw>
<kw name="Click Element" library="AppiumLibrary">
<arg>${HAMBURGER}</arg>
<doc>Click element identified by `locator`.</doc>
<msg timestamp="20220711 08:24:17.808" level="INFO">Clicking element 'xpath=//android.widget.ImageButton[@content-desc="Open navigation drawer"]'.</msg>
<status status="PASS" starttime="20220711 08:24:17.807" endtime="20220711 08:24:17.883"/>
</kw>
<kw name="Wait Until Element Is Visible" library="AppiumLibrary">
<arg>${NAV_VIEW}</arg>
<doc>Waits until element specified with `locator` is visible.</doc>
<status status="PASS" starttime="20220711 08:24:17.883" endtime="20220711 08:24:18.944"/>
</kw>
<status status="PASS" starttime="20220711 08:24:16.588" endtime="20220711 08:24:18.945"/>
</kw>
<kw name="Click Text" library="AppiumLibrary">
<arg>FORMS</arg>
<doc>Click text identified by ``text``.</doc>
<status status="PASS" starttime="20220711 08:24:18.945" endtime="20220711 08:24:19.089"/>
</kw>
<kw name="Wait Until Page Contains" library="AppiumLibrary">
<arg>FORMS</arg>
<doc>Waits until `text` appears on current page.</doc>
<status status="PASS" starttime="20220711 08:24:19.089" endtime="20220711 08:24:20.211"/>
</kw>
<kw name="Click Text" library="AppiumLibrary">
<arg>LOGIN</arg>
<doc>Click text identified by ``text``.</doc>
<status status="PASS" starttime="20220711 08:24:20.212" endtime="20220711 08:24:20.334"/>
</kw>
<kw name="Wait Until Page Contains" library="AppiumLibrary">
<arg>Fala QA, vamos testar o login?</arg>
<doc>Waits until `text` appears on current page.</doc>
<status status="PASS" starttime="20220711 08:24:20.335" endtime="20220711 08:24:21.473"/>
</kw>
<kw name="Input Text" library="AppiumLibrary">
<arg>id=io.qaninja.android.twp:id/etEmail</arg>
<arg>eu@papito.io</arg>
<doc>Types the given `text` into text field identified by `locator`.</doc>
<msg timestamp="20220711 08:24:21.475" level="INFO">Typing text 'eu@papito.io' into text field 'id=io.qaninja.android.twp:id/etEmail'</msg>
<status status="PASS" starttime="20220711 08:24:21.474" endtime="20220711 08:24:22.065"/>
</kw>
<kw name="Input Text" library="AppiumLibrary">
<arg>id=io.qaninja.android.twp:id/etPassword</arg>
<arg>qaninja</arg>
<doc>Types the given `text` into text field identified by `locator`.</doc>
<msg timestamp="20220711 08:24:22.068" level="INFO">Typing text 'qaninja' into text field 'id=io.qaninja.android.twp:id/etPassword'</msg>
<status status="PASS" starttime="20220711 08:24:22.066" endtime="20220711 08:24:23.155"/>
</kw>
<kw name="Click Element" library="AppiumLibrary">
<arg>id=io.qaninja.android.twp:id/btnSubmit</arg>
<doc>Click element identified by `locator`.</doc>
<msg timestamp="20220711 08:24:23.159" level="INFO">Clicking element 'id=io.qaninja.android.twp:id/btnSubmit'.</msg>
<status status="PASS" starttime="20220711 08:24:23.156" endtime="20220711 08:24:23.731"/>
</kw>
<kw name="Wait Until Page Contains" library="AppiumLibrary">
<arg>Show! Suas credenciais são validas.</arg>
<doc>Waits until `text` appears on current page.</doc>
<msg timestamp="20220711 08:24:32.107" level="INFO">&lt;?xml version="1.0" encoding="UTF-8"?&gt;&lt;hierarchy rotation="0"&gt;&lt;android.widget.FrameLayout index="0" text="" class="android.widget.FrameLayout" package="io.qaninja.android.twp" content-desc="" checkable="false" checked="false" clickable="false" enabled="true" focusable="false" focused="false" scrollable="false" long-clickable="false" password="false" selected="false" bounds="[0,0][1080,1794]" resource-id="" instance="0"&gt;&lt;android.widget.LinearLayout index="0" text="" class="android.widget.LinearLayout" package="io.qaninja.android.twp" content-desc="" checkable="false" checked="false" clickable="false" enabled="true" focusable="false" focused="false" scrollable="false" long-clickable="false" password="false" selected="false" bounds="[0,0][1080,1794]" resource-id="" instance="0"&gt;&lt;android.widget.FrameLayout index="0" text="" class="android.widget.FrameLayout" package="io.qaninja.android.twp" content-desc="" checkable="false" checked="false" clickable="false" enabled="true" focusable="false" focused="false" scrollable="false" long-clickable="false" password="false" selected="false" bounds="[0,0][1080,1794]" resource-id="" instance="1"&gt;&lt;android.widget.LinearLayout index="0" text="" class="android.widget.LinearLayout" package="io.qaninja.android.twp" content-desc="" checkable="false" checked="false" clickable="false" enabled="true" focusable="false" focused="false" scrollable="false" long-clickable="false" password="false" selected="false" bounds="[0,0][1080,1794]" resource-id="io.qaninja.android.twp:id/action_bar_root" instance="1"&gt;&lt;android.widget.FrameLayout index="0" text="" class="android.widget.FrameLayout" package="io.qaninja.android.twp" content-desc="" checkable="false" checked="false" clickable="false" enabled="true" focusable="false" focused="false" scrollable="false" long-clickable="false" password="false" selected="false" bounds="[0,0][1080,1794]" resource-id="android:id/content" instance="2"&gt;&lt;android.view.ViewGroup index="0" text="" class="android.view.ViewGroup" package="io.qaninja.android.twp" content-desc="" checkable="false" checked="false" clickable="false" enabled="true" focusable="false" focused="false" scrollable="false" long-clickable="false" password="false" selected="false" bounds="[0,0][1080,1794]" resource-id="" instance="0"&gt;&lt;android.widget.LinearLayout index="0" text="" class="android.widget.LinearLayout" package="io.qaninja.android.twp" content-desc="" checkable="false" checked="false" clickable="false" enabled="true" focusable="false" focused="false" scrollable="false" long-clickable="false" password="false" selected="false" bounds="[0,63][1080,210]" resource-id="" instance="2"&gt;&lt;android.view.ViewGroup index="0" text="" class="android.view.ViewGroup" package="io.qaninja.android.twp" content-desc="" checkable="false" checked="false" clickable="false" enabled="true" focusable="false" focused="false" scrollable="false" long-clickable="false" password="false" selected="false" bounds="[0,63][1080,210]" resource-id="io.qaninja.android.twp:id/toolbar" instance="1"&gt;&lt;android.widget.RelativeLayout index="0" text="" class="android.widget.RelativeLayout" package="io.qaninja.android.twp" content-desc="" checkable="false" checked="false" clickable="false" enabled="true" focusable="false" focused="false" scrollable="false" long-clickable="false" password="false" selected="false" bounds="[42,63][1080,210]" resource-id="" instance="0"&gt;&lt;android.widget.ImageView NAF="true" index="0" text="" class="android.widget.ImageView" package="io.qaninja.android.twp" content-desc="" checkable="false" checked="false" clickable="true" enabled="true" focusable="true" focused="false" scrollable="false" long-clickable="false" password="false" selected="false" bounds="[42,73][137,200]" resource-id="io.qaninja.android.twp:id/ivBack" instance="0"/&gt;&lt;android.widget.TextView index="1" text="Login" class="android.widget.TextView" package="io.qaninja.android.twp" content-desc="" checkable="false" checked="false" clickable="false" enabled="true" focusable="false" focused="false" scrollable="false" long-clickable="false" password="false" selected="false" bounds="[137,115][888,158]" resource-id="io.qaninja.android.twp:id/toolbarTitle" instance="0"/&gt;&lt;android.widget.Button index="2" text="QA NINJA" class="android.widget.Button" package="io.qaninja.android.twp" content-desc="" checkable="false" checked="false" clickable="true" enabled="true" focusable="true" focused="false" scrollable="false" long-clickable="false" password="false" selected="false" bounds="[888,96][1059,177]" resource-id="io.qaninja.android.twp:id/btnBuyNowToolbar" instance="0"/&gt;&lt;/android.widget.RelativeLayout&gt;&lt;/android.view.ViewGroup&gt;&lt;/android.widget.LinearLayout&gt;&lt;android.widget.FrameLayout index="1" text="" class="android.widget.FrameLayout" package="io.qaninja.android.twp" content-desc="" checkable="false" checked="false" clickable="false" enabled="true" focusable="false" focused="false" scrollable="false" long-clickable="false" password="false" selected="false" bounds="[0,210][1080,1794]" resource-id="io.qaninja.android.twp:id/fragment" instance="3"&gt;&lt;android.widget.ScrollView index="0" text="" class="android.widget.ScrollView" package="io.qaninja.android.twp" content-desc="" checkable="false" checked="false" clickable="false" enabled="true" focusable="true" focused="false" scrollable="false" long-clickable="false" password="false" selected="false" bounds="[0,210][1080,1794]" resource-id="" instance="0"&gt;&lt;android.view.ViewGroup index="0" text="" class="android.view.ViewGroup" package="io.qaninja.android.twp" content-desc="" checkable="false" checked="false" clickable="false" enabled="true" focusable="false" focused="false" scrollable="false" long-clickable="false" password="false" selected="false" bounds="[0,210][1080,1794]" resource-id="io.qaninja.android.twp:id/backgroundView" instance="2"&gt;&lt;android.widget.TextView index="0" text="Fala QA, vamos testar o login?" class="android.widget.TextView" package="io.qaninja.android.twp" content-desc="" checkable="false" checked="false" clickable="false" enabled="true" focusable="false" focused="false" scrollable="false" long-clickable="false" password="false" selected="false" bounds="[84,294][996,543]" resource-id="io.qaninja.android.twp:id/dialogInfoTitle" instance="1"/&gt;&lt;android.widget.LinearLayout index="1" text="" class="android.widget.LinearLayout" package="io.qaninja.android.twp" content-desc="" checkable="false" checked="false" clickable="false" enabled="true" focusable="false" focused="false" scrollable="false" long-clickable="false" password="false" selected="false" bounds="[84,884][996,1076]" resource-id="io.qaninja.android.twp:id/tvEmailLayout" instance="3"&gt;&lt;android.widget.FrameLayout index="0" text="" class="android.widget.FrameLayout" package="io.qaninja.android.twp" content-desc="" checkable="false" checked="false" clickable="false" enabled="true" focusable="false" focused="false" scrollable="false" long-clickable="false" password="false" selected="false" bounds="[84,913][996,1025]" resource-id="" instance="4"&gt;&lt;android.widget.EditText index="0" text="eu@papito.io" class="android.widget.EditText" package="io.qaninja.android.twp" content-desc="" checkable="false" checked="false" clickable="true" enabled="true" focusable="true" focused="false" scrollable="false" long-clickable="true" password="false" selected="false" bounds="[84,913][996,1025]" resource-id="io.qaninja.android.twp:id/etEmail" instance="0"/&gt;&lt;/android.widget.FrameLayout&gt;&lt;android.widget.LinearLayout index="1" text="" class="android.widget.LinearLayout" package="io.qaninja.android.twp" content-desc="" checkable="false" checked="false" clickable="false" enabled="true" focusable="false" focused="false" scrollable="false" long-clickable="false" password="false" selected="false" bounds="[84,1025][996,1076]" resource-id="" instance="4"/&gt;&lt;/android.widget.LinearLayout&gt;&lt;android.widget.LinearLayout index="2" text="" class="android.widget.LinearLayout" package="io.qaninja.android.twp" content-desc="" checkable="false" checked="false" clickable="false" enabled="true" focusable="false" focused="false" scrollable="false" long-clickable="false" password="false" selected="false" bounds="[84,1118][996,1310]" resource-id="io.qaninja.android.twp:id/tvPasswordLayout" instance="5"&gt;&lt;android.widget.FrameLayout index="0" text="" class="android.widget.FrameLayout" package="io.qaninja.android.twp" content-desc="" checkable="false" checked="false" clickable="false" enabled="true" focusable="false" focused="false" scrollable="false" long-clickable="false" password="false" selected="false" bounds="[84,1147][996,1259]" resource-id="" instance="5"&gt;&lt;android.widget.EditText index="0" text="qaninja" class="android.widget.EditText" package="io.qaninja.android.twp" content-desc="" checkable="false" checked="false" clickable="true" enabled="true" focusable="true" focused="false" scrollable="false" long-clickable="true" password="true" selected="false" bounds="[84,1147][996,1259]" resource-id="io.qaninja.android.twp:id/etPassword" instance="1"/&gt;&lt;/android.widget.FrameLayout&gt;&lt;android.widget.LinearLayout index="1" text="" class="android.widget.LinearLayout" package="io.qaninja.android.twp" content-desc="" checkable="false" checked="false" clickable="false" enabled="true" focusable="false" focused="false" scrollable="false" long-clickable="false" password="false" selected="false" bounds="[84,1259][996,1310]" resource-id="" instance="6"/&gt;&lt;/android.widget.LinearLayout&gt;&lt;android.widget.Button index="3" text="ENTRAR" class="android.widget.Button" package="io.qaninja.android.twp" content-desc="" checkable="false" checked="false" clickable="true" enabled="true" focusable="true" focused="false" scrollable="false" long-clickable="false" password="false" selected="false" bounds="[84,1373][996,1520]" resource-id="io.qaninja.android.twp:id/btnSubmit" instance="1"/&gt;&lt;/android.view.ViewGroup&gt;&lt;/android.widget.ScrollView&gt;&lt;/android.widget.FrameLayout&gt;&lt;/android.view.ViewGroup&gt;&lt;/android.widget.FrameLayout&gt;&lt;/android.widget.LinearLayout&gt;&lt;/android.widget.FrameLayout&gt;&lt;/android.widget.LinearLayout&gt;&lt;/android.widget.FrameLayout&gt;&lt;/hierarchy&gt;</msg>
<kw name="Capture Page Screenshot" library="AppiumLibrary">
<doc>Takes a screenshot of the current page and embeds it into the log.</doc>
<msg timestamp="20220711 08:24:33.448" level="INFO" html="true">&lt;/td&gt;&lt;/tr&gt;&lt;tr&gt;&lt;td colspan="3"&gt;&lt;a href="appium-screenshot-1.png"&gt;&lt;img src="appium-screenshot-1.png" width="800px"&gt;&lt;/a&gt;</msg>
<status status="PASS" starttime="20220711 08:24:32.107" endtime="20220711 08:24:33.448"/>
</kw>
<msg timestamp="20220711 08:24:33.448" level="FAIL">Text 'Show! Suas credenciais são validas.' did not appear in 8 seconds</msg>
<status status="FAIL" starttime="20220711 08:24:23.731" endtime="20220711 08:24:33.449"/>
</kw>
<kw name="Close Session" library="base" type="TEARDOWN">
<kw name="Close Application" library="AppiumLibrary">
<doc>Closes the current application and also close webdriver session.</doc>
<status status="PASS" starttime="20220711 08:24:33.450" endtime="20220711 08:24:34.130"/>
</kw>
<status status="PASS" starttime="20220711 08:24:33.450" endtime="20220711 08:24:34.131"/>
</kw>
<status status="FAIL" starttime="20220711 08:23:51.153" endtime="20220711 08:24:34.132">Text 'Show! Suas credenciais são validas.' did not appear in 8 seconds</status>
</test>
<status status="FAIL" starttime="20220711 08:23:51.010" endtime="20220711 08:24:34.134"/>
</suite>
<statistics>
<total>
<stat pass="0" fail="1" skip="0">All Tests</stat>
</total>
<tag>
</tag>
<suite>
<stat pass="0" fail="1" skip="0" id="s1" name="Login">Login</stat>
</suite>
</statistics>
<errors>
</errors>
</robot>
